Arguments: 
  C:\Program Files\nodejs\node.exe C:\Users\ubtech\.node\corepack\yarn\1.22.15\bin\yarn.js init

PATH: 
  C:\Users\ubtech\bin;C:\Program Files\Git\mingw64\bin;C:\Program Files\Git\usr\local\bin;C:\Program Files\Git\usr\bin;C:\Program Files\Git\usr\bin;C:\Program Files\Git\mingw64\bin;C:\Program Files\Git\usr\bin;C:\Users\ubtech\bin;C:\Program Files (x86)\Common Files\Oracle\Java\javapath;C:\WINDOWS\system32;C:\WINDOWS;C:\WINDOWS\System32\Wbem;C:\WINDOWS\System32\WindowsPowerShell\v1.0;C:\WINDOWS\System32\OpenSSH;C:\Program Files (x86)\Kingdee\K3ERP\KDSYSTEM;C:\Program Files\Intel\WiFi\bin;C:\Program Files\Common Files\Intel\WirelessCommon;C:\Program Files\Git\cmd;C:\Python27;C:\Python27\Scripts;C:\Program Files\TortoiseSVN\bin;C:\Users\ubtech\AppData\Roaming\nvm;C:\Program Files\nodejs;C:\Program Files\Java\jre1.8.0_281\bin;C:\Program Files\Java\jre1.8.0_281\jre\bin;C:\Program Files (x86)\NetSarang\Xshell 7;C:\Program Files (x86)\NetSarang\Xftp 7;C:\Program Files (x86)\Tencent\微信web开发者工具\dll;C:\Program Files\nodejs;C:\ProgramData\chocolatey\bin;C:\Windows\system32;C:\Python310\Scripts;C:\Python310;C:\Users\ubtech\AppData\Local\Microsoft\WindowsApps;C:\program files\esafenet\cobra docguard client;D:\application\Microsoft VS Code\bin;C:\Users\ubtech\AppData\Roaming\nvm;C:\Program Files\nodejs;C:\Users\ubtech\AppData\Roaming\npm;C:\Program Files\Git\usr\bin\vendor_perl;C:\Program Files\Git\usr\bin\core_perl

Yarn version: 
  1.22.15

Node version: 
  16.14.2

Platform: 
  win32 x64

Trace: 
  Error: Can't answer a question unless a user TTY
      at ConsoleReporter.question (C:\Users\ubtech\.node\corepack\yarn\1.22.15\lib\cli.js:92859:59)
      at Object.<anonymous> (C:\Users\ubtech\.node\corepack\yarn\1.22.15\lib\cli.js:85049:38)
      at Generator.next (<anonymous>)
      at step (C:\Users\ubtech\.node\corepack\yarn\1.22.15\lib\cli.js:310:30)
      at C:\Users\ubtech\.node\corepack\yarn\1.22.15\lib\cli.js:321:13

npm manifest: 
  No manifest

yarn manifest: 
  No manifest

Lockfile: 
  No lockfile
